<?xml version="1.0" encoding="UTF-8"?>
<!-- Generated by org.testng.reporters.JUnitReportReporter -->
<testsuite hostname="vetsvra00006366" name="testNG.testNG" tests="1" failures="0" timestamp="28 Nov 2019 14:05:04 GMT" time="6.788" errors="0">
  <testcase name="f" time="6.788" classname="testNG.testNG"/>
</testsuite> <!-- testNG.testNG -->
